[08:59:06.619] Global cache location '/home/pbaudry/.cache/typescript/4.8', safe file path '/home/pbaudry/.emacs.d/.local/etc/lsp/npm/typescript/lib/node_modules/typescript/lib/typingSafeList.json', types map path /home/pbaudry/.emacs.d/.local/etc/lsp/npm/typescript/lib/node_modules/typescript/lib/typesMap.json
[08:59:06.619] Processing cache location '/home/pbaudry/.cache/typescript/4.8'
[08:59:06.619] Trying to find '/home/pbaudry/.cache/typescript/4.8/package.json'...
[08:59:06.623] Loaded content of '/home/pbaudry/.cache/typescript/4.8/package.json': {"private":true,"dependencies":{"types-registry":"^0.1.608"},"devDependencies":{"@types/atpl":"^0.0.30","@types/babel__core":"^7.1.19","@types/babel-core":"^6.25.7","@types/bootstrap":"^5.2.3","@types/browser-sync":"^2.26.3","@types/clean-css":"^4.2.5","@types/dot":"^1.1.5","@types/dustjs-linkedin":"^1.2.31","@types/ejs":"^3.1.1","@types/enhanced-resolve":"^3.0.7","@types/fbjs":"^3.0.3","@types/fs-extra":"^9.0.13","@types/hogan.js":"^3.0.1","@types/invariant":"^2.2.35","@types/jade":"^0.0.31","@types/json-parse-better-errors":"^1.0.0","@types/lodash":"^4.14.184","@types/marko":"^4.6.3","@types/md5":"^2.3.2","@types/memory-fs":"^0.3.3","@types/micromatch":"^4.0.2","@types/minimatch":"^5.1.2","@types/mkdirp":"^1.0.2","@types/mustache":"^4.2.1","@types/nunjucks":"^3.2.1","@types/pug":"^2.0.6","@types/react":"^18.0.18","@types/react-dom":"^18.0.6","@types/react-native":"^0.69.6","@types/react-redux":"^7.1.24","@types/squirrelly":"^7.1.2","@types/swig":"^0.0.30","@types/tailwindcss__typography":"^0.5.0","@types/tapable":"^2.2.2","@types/twig":"^1.12.9","@types/underscore":"^1.11.4","@types/use-subscription":"^1.0.0","@types/webpack":"^5.28.0","@types/webpack-sources":"^3.2.0","@types/yargs":"^17.0.12"}}
[08:59:06.623] Loaded content of '/home/pbaudry/.cache/typescript/4.8/package-lock.json'
[08:59:06.630] Adding entry into typings cache: 'atpl' => '/home/pbaudry/.cache/typescript/4.8/node_modules/@types/atpl/index.d.ts'
[08:59:06.633] Adding entry into typings cache: 'babel__core' => '/home/pbaudry/.cache/typescript/4.8/node_modules/@types/babel__core/index.d.ts'
[08:59:06.634] Adding entry into typings cache: 'babel-core' => '/home/pbaudry/.cache/typescript/4.8/node_modules/@types/babel-core/index.d.ts'
[08:59:06.636] Adding entry into typings cache: 'bootstrap' => '/home/pbaudry/.cache/typescript/4.8/node_modules/@types/bootstrap/index.d.ts'
[08:59:06.639] Adding entry into typings cache: 'browser-sync' => '/home/pbaudry/.cache/typescript/4.8/node_modules/@types/browser-sync/index.d.ts'
[08:59:06.641] Adding entry into typings cache: 'clean-css' => '/home/pbaudry/.cache/typescript/4.8/node_modules/@types/clean-css/index.d.ts'
[08:59:06.642] Adding entry into typings cache: 'dot' => '/home/pbaudry/.cache/typescript/4.8/node_modules/@types/dot/index.d.ts'
[08:59:06.643] Adding entry into typings cache: 'dustjs-linkedin' => '/home/pbaudry/.cache/typescript/4.8/node_modules/@types/dustjs-linkedin/index.d.ts'
[08:59:06.644] Adding entry into typings cache: 'ejs' => '/home/pbaudry/.cache/typescript/4.8/node_modules/@types/ejs/index.d.ts'
[08:59:06.646] Adding entry into typings cache: 'enhanced-resolve' => '/home/pbaudry/.cache/typescript/4.8/node_modules/enhanced-resolve/types.d.ts'
[08:59:06.647] Adding entry into typings cache: 'fbjs' => '/home/pbaudry/.cache/typescript/4.8/node_modules/@types/fbjs/index.d.ts'
[08:59:06.649] Adding entry into typings cache: 'fs-extra' => '/home/pbaudry/.cache/typescript/4.8/node_modules/@types/fs-extra/index.d.ts'
[08:59:06.651] Adding entry into typings cache: 'hogan.js' => '/home/pbaudry/.cache/typescript/4.8/node_modules/@types/hogan.js/index.d.ts'
[08:59:06.652] Adding entry into typings cache: 'invariant' => '/home/pbaudry/.cache/typescript/4.8/node_modules/@types/invariant/index.d.ts'
[08:59:06.652] Adding entry into typings cache: 'jade' => '/home/pbaudry/.cache/typescript/4.8/node_modules/@types/jade/index.d.ts'
[08:59:06.653] Adding entry into typings cache: 'json-parse-better-errors' => '/home/pbaudry/.cache/typescript/4.8/node_modules/@types/json-parse-better-errors/index.d.ts'
[08:59:06.654] Adding entry into typings cache: 'lodash' => '/home/pbaudry/.cache/typescript/4.8/node_modules/@types/lodash/index.d.ts'
[08:59:06.655] Adding entry into typings cache: 'marko' => '/home/pbaudry/.cache/typescript/4.8/node_modules/@types/marko/index.d.ts'
[08:59:06.656] Adding entry into typings cache: 'md5' => '/home/pbaudry/.cache/typescript/4.8/node_modules/@types/md5/index.d.ts'
[08:59:06.657] Adding entry into typings cache: 'memory-fs' => '/home/pbaudry/.cache/typescript/4.8/node_modules/@types/memory-fs/index.d.ts'
[08:59:06.662] Adding entry into typings cache: 'micromatch' => '/home/pbaudry/.cache/typescript/4.8/node_modules/@types/micromatch/index.d.ts'
[08:59:06.663] Adding entry into typings cache: 'minimatch' => '/home/pbaudry/.cache/typescript/4.8/node_modules/@types/minimatch/index.d.ts'
[08:59:06.664] Adding entry into typings cache: 'mkdirp' => '/home/pbaudry/.cache/typescript/4.8/node_modules/@types/mkdirp/index.d.ts'
[08:59:06.665] Adding entry into typings cache: 'mustache' => '/home/pbaudry/.cache/typescript/4.8/node_modules/@types/mustache/index.d.ts'
[08:59:06.666] Adding entry into typings cache: 'nunjucks' => '/home/pbaudry/.cache/typescript/4.8/node_modules/@types/nunjucks/index.d.ts'
[08:59:06.666] Adding entry into typings cache: 'pug' => '/home/pbaudry/.cache/typescript/4.8/node_modules/@types/pug/index.d.ts'
[08:59:06.668] Adding entry into typings cache: 'react' => '/home/pbaudry/.cache/typescript/4.8/node_modules/@types/react/index.d.ts'
[08:59:06.669] Adding entry into typings cache: 'react-dom' => '/home/pbaudry/.cache/typescript/4.8/node_modules/@types/react-dom/index.d.ts'
[08:59:06.672] Adding entry into typings cache: 'react-native' => '/home/pbaudry/.cache/typescript/4.8/node_modules/@types/react-native/index.d.ts'
[08:59:06.673] Adding entry into typings cache: 'react-redux' => '/home/pbaudry/.cache/typescript/4.8/node_modules/@types/react-redux/index.d.ts'
[08:59:06.674] Adding entry into typings cache: 'squirrelly' => '/home/pbaudry/.cache/typescript/4.8/node_modules/@types/squirrelly/index.d.ts'
[08:59:06.675] Adding entry into typings cache: 'swig' => '/home/pbaudry/.cache/typescript/4.8/node_modules/@types/swig/index.d.ts'
[08:59:06.675] Adding entry into typings cache: 'tailwindcss__typography' => '/home/pbaudry/.cache/typescript/4.8/node_modules/@types/tailwindcss__typography/index.d.ts'
[08:59:06.676] Adding entry into typings cache: 'tapable' => '/home/pbaudry/.cache/typescript/4.8/node_modules/tapable/tapable.d.ts'
[08:59:06.677] Adding entry into typings cache: 'twig' => '/home/pbaudry/.cache/typescript/4.8/node_modules/@types/twig/index.d.ts'
[08:59:06.678] Adding entry into typings cache: 'underscore' => '/home/pbaudry/.cache/typescript/4.8/node_modules/@types/underscore/index.d.ts'
[08:59:06.679] Adding entry into typings cache: 'use-subscription' => '/home/pbaudry/.cache/typescript/4.8/node_modules/@types/use-subscription/index.d.ts'
[08:59:06.682] Adding entry into typings cache: 'webpack' => '/home/pbaudry/.cache/typescript/4.8/node_modules/webpack/types.d.ts'
[08:59:06.684] Adding entry into typings cache: 'webpack-sources' => '/home/pbaudry/.cache/typescript/4.8/node_modules/@types/webpack-sources/index.d.ts'
[08:59:06.685] Adding entry into typings cache: 'yargs' => '/home/pbaudry/.cache/typescript/4.8/node_modules/@types/yargs/index.d.ts'
[08:59:06.685] Finished processing cache location '/home/pbaudry/.cache/typescript/4.8'
[08:59:06.686] Process id: 26625
[08:59:06.686] NPM location: /usr/bin/npm (explicit '--npmLocation' not  provided)
[08:59:06.686] validateDefaultNpmLocation: false
[08:59:06.686] Npm config file: /home/pbaudry/.cache/typescript/4.8/package.json
[08:59:06.686] Updating types-registry npm package...
[08:59:06.686] Exec: /usr/bin/npm install --ignore-scripts types-registry@latest
[08:59:07.489]     Succeeded. stdout:
    
    up to date, audited 226 packages in 619ms

24 packages are looking for funding
  run `npm fund` for details

found 0 vulnerabilities

[08:59:07.489] Updated types-registry npm package
[08:59:08.131] Got install request {"projectName":"/dev/null/inferredProject1*","fileNames":["/home/pbaudry/.emacs.d/.local/etc/lsp/npm/typescript/lib/node_modules/typescript/lib/lib.es5.d.ts","/home/pbaudry/.emacs.d/.local/etc/lsp/npm/typescript/lib/node_modules/typescript/lib/lib.es2015.d.ts","/home/pbaudry/.emacs.d/.local/etc/lsp/npm/typescript/lib/node_modules/typescript/lib/lib.es2016.d.ts","/home/pbaudry/.emacs.d/.local/etc/lsp/npm/typescript/lib/node_modules/typescript/lib/lib.dom.d.ts","/home/pbaudry/.emacs.d/.local/etc/lsp/npm/typescript/lib/node_modules/typescript/lib/lib.dom.iterable.d.ts","/home/pbaudry/.emacs.d/.local/etc/lsp/npm/typescript/lib/node_modules/typescript/lib/lib.webworker.importscripts.d.ts","/home/pbaudry/.emacs.d/.local/etc/lsp/npm/typescript/lib/node_modules/typescript/lib/lib.scripthost.d.ts","/home/pbaudry/.emacs.d/.local/etc/lsp/npm/typescript/lib/node_modules/typescript/lib/lib.es2015.core.d.ts","/home/pbaudry/.emacs.d/.local/etc/lsp/npm/typescript/lib/node_modules/typescript/lib/lib.es2015.collection.d.ts","/home/pbaudry/.emacs.d/.local/etc/lsp/npm/typescript/lib/node_modules/typescript/lib/lib.es2015.generator.d.ts","/home/pbaudry/.emacs.d/.local/etc/lsp/npm/typescript/lib/node_modules/typescript/lib/lib.es2015.iterable.d.ts","/home/pbaudry/.emacs.d/.local/etc/lsp/npm/typescript/lib/node_modules/typescript/lib/lib.es2015.promise.d.ts","/home/pbaudry/.emacs.d/.local/etc/lsp/npm/typescript/lib/node_modules/typescript/lib/lib.es2015.proxy.d.ts","/home/pbaudry/.emacs.d/.local/etc/lsp/npm/typescript/lib/node_modules/typescript/lib/lib.es2015.reflect.d.ts","/home/pbaudry/.emacs.d/.local/etc/lsp/npm/typescript/lib/node_modules/typescript/lib/lib.es2015.symbol.d.ts","/home/pbaudry/.emacs.d/.local/etc/lsp/npm/typescript/lib/node_modules/typescript/lib/lib.es2015.symbol.wellknown.d.ts","/home/pbaudry/.emacs.d/.local/etc/lsp/npm/typescript/lib/node_modules/typescript/lib/lib.es2016.array.include.d.ts","/home/pbaudry/.emacs.d/.local/etc/lsp/npm/typescript/lib/node_modules/typescript/lib/lib.es2016.full.d.ts","/home/pbaudry/Documents/Work/Tests/drp-demo/webpack.mix.js"],"compilerOptions":{"module":1,"target":3,"jsx":1,"allowJs":true,"allowSyntheticDefaultImports":true,"allowNonTsExtensions":true,"noEmitForJsFiles":true,"maxNodeModuleJsDepth":2},"typeAcquisition":{"enable":true,"include":[],"exclude":[]},"unresolvedImports":["ts-loader"],"projectRootPath":"/home/pbaudry/Documents/Work/Tests/drp-demo","kind":"discover"}
[08:59:08.142] Loaded safelist from types map file '/home/pbaudry/.emacs.d/.local/etc/lsp/npm/typescript/lib/node_modules/typescript/lib/typesMap.json'
[08:59:08.143] Explicitly included types: []
[08:59:08.143] Typing names in '/home/pbaudry/Documents/Work/Tests/drp-demo/package.json' dependencies: ["@inertiajs/inertia","@inertiajs/inertia-vue3","@inertiajs/progress","@tailwindcss/forms","@tailwindcss/typography","@vue/compiler-sfc","axios","laravel-mix","lodash","postcss","tailwindcss","vue","vue-loader"]
[08:59:08.144] Searching for typing names in /home/pbaudry/Documents/Work/Tests/drp-demo/node_modules; all files: ["/home/pbaudry/Documents/Work/Tests/drp-demo/node_modules/@inertiajs/inertia/package.json","/home/pbaudry/Documents/Work/Tests/drp-demo/node_modules/@inertiajs/inertia-vue3/package.json","/home/pbaudry/Documents/Work/Tests/drp-demo/node_modules/@inertiajs/progress/package.json","/home/pbaudry/Documents/Work/Tests/drp-demo/node_modules/@tailwindcss/forms/package.json","/home/pbaudry/Documents/Work/Tests/drp-demo/node_modules/@tailwindcss/typography/package.json","/home/pbaudry/Documents/Work/Tests/drp-demo/node_modules/@vue/compiler-sfc/package.json","/home/pbaudry/Documents/Work/Tests/drp-demo/node_modules/axios/package.json","/home/pbaudry/Documents/Work/Tests/drp-demo/node_modules/laravel-mix/package.json","/home/pbaudry/Documents/Work/Tests/drp-demo/node_modules/lodash/package.json","/home/pbaudry/Documents/Work/Tests/drp-demo/node_modules/postcss/package.json","/home/pbaudry/Documents/Work/Tests/drp-demo/node_modules/tailwindcss/package.json","/home/pbaudry/Documents/Work/Tests/drp-demo/node_modules/vue/package.json","/home/pbaudry/Documents/Work/Tests/drp-demo/node_modules/vue-loader/package.json"]
[08:59:08.144]     Package '@inertiajs/inertia' provides its own types.
[08:59:08.145]     Package '@inertiajs/inertia-vue3' provides its own types.
[08:59:08.145]     Package '@inertiajs/progress' provides its own types.
[08:59:08.146]     Package '@tailwindcss/forms' provides its own types.
[08:59:08.146]     Package '@tailwindcss/typography' provides its own types.
[08:59:08.146]     Package '@vue/compiler-sfc' provides its own types.
[08:59:08.147]     Package 'axios' provides its own types.
[08:59:08.148]     Package 'laravel-mix' provides its own types.
[08:59:08.148]     Package 'postcss' provides its own types.
[08:59:08.149]     Package 'tailwindcss' provides its own types.
[08:59:08.149]     Package 'vue' provides its own types.
[08:59:08.150]     Package 'vue-loader' provides its own types.
[08:59:08.150]     Found package names: ["lodash"]
[08:59:08.151] Inferred typings from unresolved imports: ["ts-loader"]
[08:59:08.151] Result: {"cachedTypingPaths":["/home/pbaudry/Documents/Work/Tests/drp-demo/node_modules/@inertiajs/inertia/types/index.d.ts","/home/pbaudry/Documents/Work/Tests/drp-demo/node_modules/@inertiajs/inertia-vue3/index.d.ts","/home/pbaudry/Documents/Work/Tests/drp-demo/node_modules/@inertiajs/progress/types.d.ts","/home/pbaudry/Documents/Work/Tests/drp-demo/node_modules/@tailwindcss/forms/src/index.d.ts","/home/pbaudry/Documents/Work/Tests/drp-demo/node_modules/@tailwindcss/typography/src/index.d.ts","/home/pbaudry/Documents/Work/Tests/drp-demo/node_modules/@vue/compiler-sfc/dist/compiler-sfc.d.ts","/home/pbaudry/Documents/Work/Tests/drp-demo/node_modules/axios/index.d.ts","/home/pbaudry/Documents/Work/Tests/drp-demo/node_modules/laravel-mix/types/index.d.ts","/home/pbaudry/.cache/typescript/4.8/node_modules/@types/lodash/index.d.ts","/home/pbaudry/Documents/Work/Tests/drp-demo/node_modules/postcss/lib/postcss.d.ts","/home/pbaudry/Documents/Work/Tests/drp-demo/node_modules/tailwindcss/types/index.d.ts","/home/pbaudry/Documents/Work/Tests/drp-demo/node_modules/vue/dist/vue.d.ts","/home/pbaudry/Documents/Work/Tests/drp-demo/node_modules/vue-loader/dist/index.d.ts"],"newTypingNames":["ts-loader"],"filesToWatch":["/home/pbaudry/Documents/Work/Tests/drp-demo/bower_components","/home/pbaudry/Documents/Work/Tests/drp-demo/package.json","/home/pbaudry/Documents/Work/Tests/drp-demo/node_modules"]}
[08:59:08.151] Finished typings discovery: {"cachedTypingPaths":["/home/pbaudry/Documents/Work/Tests/drp-demo/node_modules/@inertiajs/inertia/types/index.d.ts","/home/pbaudry/Documents/Work/Tests/drp-demo/node_modules/@inertiajs/inertia-vue3/index.d.ts","/home/pbaudry/Documents/Work/Tests/drp-demo/node_modules/@inertiajs/progress/types.d.ts","/home/pbaudry/Documents/Work/Tests/drp-demo/node_modules/@tailwindcss/forms/src/index.d.ts","/home/pbaudry/Documents/Work/Tests/drp-demo/node_modules/@tailwindcss/typography/src/index.d.ts","/home/pbaudry/Documents/Work/Tests/drp-demo/node_modules/@vue/compiler-sfc/dist/compiler-sfc.d.ts","/home/pbaudry/Documents/Work/Tests/drp-demo/node_modules/axios/index.d.ts","/home/pbaudry/Documents/Work/Tests/drp-demo/node_modules/laravel-mix/types/index.d.ts","/home/pbaudry/.cache/typescript/4.8/node_modules/@types/lodash/index.d.ts","/home/pbaudry/Documents/Work/Tests/drp-demo/node_modules/postcss/lib/postcss.d.ts","/home/pbaudry/Documents/Work/Tests/drp-demo/node_modules/tailwindcss/types/index.d.ts","/home/pbaudry/Documents/Work/Tests/drp-demo/node_modules/vue/dist/vue.d.ts","/home/pbaudry/Documents/Work/Tests/drp-demo/node_modules/vue-loader/dist/index.d.ts"],"newTypingNames":["ts-loader"],"filesToWatch":["/home/pbaudry/Documents/Work/Tests/drp-demo/bower_components","/home/pbaudry/Documents/Work/Tests/drp-demo/package.json","/home/pbaudry/Documents/Work/Tests/drp-demo/node_modules"]}
[08:59:08.151] DirectoryWatcher:: Added:: WatchInfo: /home/pbaudry/Documents/Work/Tests/drp-demo/bower_components
[08:59:08.151] DirectoryWatcher:: Added:: WatchInfo: /home/pbaudry/Documents/Work/Tests/drp-demo/bower_components 1 undefined Project: /dev/null/inferredProject1* watcher already invoked: false
[08:59:08.152] Elapsed:: 1.1466860000509769ms DirectoryWatcher:: Added:: WatchInfo: /home/pbaudry/Documents/Work/Tests/drp-demo/bower_components 1 undefined Project: /dev/null/inferredProject1* watcher already invoked: false
[08:59:08.152] FileWatcher:: Added:: WatchInfo: /home/pbaudry/Documents/Work/Tests/drp-demo/package.json
[08:59:08.152] FileWatcher:: Added:: WatchInfo: /home/pbaudry/Documents/Work/Tests/drp-demo/package.json 2000 undefined Project: /dev/null/inferredProject1* watcher already invoked: false
[08:59:08.152] DirectoryWatcher:: Added:: WatchInfo: /home/pbaudry/Documents/Work/Tests/drp-demo/node_modules
[08:59:08.152] DirectoryWatcher:: Added:: WatchInfo: /home/pbaudry/Documents/Work/Tests/drp-demo/node_modules 1 undefined Project: /dev/null/inferredProject1* watcher already invoked: false
[08:59:08.237] Elapsed:: 84.23182700015604ms DirectoryWatcher:: Added:: WatchInfo: /home/pbaudry/Documents/Work/Tests/drp-demo/node_modules 1 undefined Project: /dev/null/inferredProject1* watcher already invoked: false
[08:59:08.237] Installing typings ["ts-loader"]
[08:59:08.237] 'ts-loader':: Entry for package 'ts-loader' does not exist in local types registry - skipping...
[08:59:08.237] All typings are known to be missing or invalid - no need to install more typings
[08:59:08.237] Sending response:
    {"projectName":"/dev/null/inferredProject1*","typeAcquisition":{"enable":true,"include":[],"exclude":[]},"compilerOptions":{"module":1,"target":3,"jsx":1,"allowJs":true,"allowSyntheticDefaultImports":true,"allowNonTsExtensions":true,"noEmitForJsFiles":true,"maxNodeModuleJsDepth":2},"typings":["/home/pbaudry/Documents/Work/Tests/drp-demo/node_modules/@inertiajs/inertia/types/index.d.ts","/home/pbaudry/Documents/Work/Tests/drp-demo/node_modules/@inertiajs/inertia-vue3/index.d.ts","/home/pbaudry/Documents/Work/Tests/drp-demo/node_modules/@inertiajs/progress/types.d.ts","/home/pbaudry/Documents/Work/Tests/drp-demo/node_modules/@tailwindcss/forms/src/index.d.ts","/home/pbaudry/Documents/Work/Tests/drp-demo/node_modules/@tailwindcss/typography/src/index.d.ts","/home/pbaudry/Documents/Work/Tests/drp-demo/node_modules/@vue/compiler-sfc/dist/compiler-sfc.d.ts","/home/pbaudry/Documents/Work/Tests/drp-demo/node_modules/axios/index.d.ts","/home/pbaudry/Documents/Work/Tests/drp-demo/node_modules/laravel-mix/types/index.d.ts","/home/pbaudry/.cache/typescript/4.8/node_modules/@types/lodash/index.d.ts","/home/pbaudry/Documents/Work/Tests/drp-demo/node_modules/postcss/lib/postcss.d.ts","/home/pbaudry/Documents/Work/Tests/drp-demo/node_modules/tailwindcss/types/index.d.ts","/home/pbaudry/Documents/Work/Tests/drp-demo/node_modules/vue/dist/vue.d.ts","/home/pbaudry/Documents/Work/Tests/drp-demo/node_modules/vue-loader/dist/index.d.ts"],"unresolvedImports":["ts-loader"],"kind":"action::set"}
[08:59:08.237] Response has been sent.
[08:59:09.017] Got install request {"projectName":"/dev/null/inferredProject1*","fileNames":["/home/pbaudry/.emacs.d/.local/etc/lsp/npm/typescript/lib/node_modules/typescript/lib/lib.es5.d.ts","/home/pbaudry/.emacs.d/.local/etc/lsp/npm/typescript/lib/node_modules/typescript/lib/lib.es2015.d.ts","/home/pbaudry/.emacs.d/.local/etc/lsp/npm/typescript/lib/node_modules/typescript/lib/lib.es2016.d.ts","/home/pbaudry/.emacs.d/.local/etc/lsp/npm/typescript/lib/node_modules/typescript/lib/lib.dom.d.ts","/home/pbaudry/.emacs.d/.local/etc/lsp/npm/typescript/lib/node_modules/typescript/lib/lib.dom.iterable.d.ts","/home/pbaudry/.emacs.d/.local/etc/lsp/npm/typescript/lib/node_modules/typescript/lib/lib.webworker.importscripts.d.ts","/home/pbaudry/.emacs.d/.local/etc/lsp/npm/typescript/lib/node_modules/typescript/lib/lib.scripthost.d.ts","/home/pbaudry/.emacs.d/.local/etc/lsp/npm/typescript/lib/node_modules/typescript/lib/lib.es2015.core.d.ts","/home/pbaudry/.emacs.d/.local/etc/lsp/npm/typescript/lib/node_modules/typescript/lib/lib.es2015.collection.d.ts","/home/pbaudry/.emacs.d/.local/etc/lsp/npm/typescript/lib/node_modules/typescript/lib/lib.es2015.generator.d.ts","/home/pbaudry/.emacs.d/.local/etc/lsp/npm/typescript/lib/node_modules/typescript/lib/lib.es2015.iterable.d.ts","/home/pbaudry/.emacs.d/.local/etc/lsp/npm/typescript/lib/node_modules/typescript/lib/lib.es2015.promise.d.ts","/home/pbaudry/.emacs.d/.local/etc/lsp/npm/typescript/lib/node_modules/typescript/lib/lib.es2015.proxy.d.ts","/home/pbaudry/.emacs.d/.local/etc/lsp/npm/typescript/lib/node_modules/typescript/lib/lib.es2015.reflect.d.ts","/home/pbaudry/.emacs.d/.local/etc/lsp/npm/typescript/lib/node_modules/typescript/lib/lib.es2015.symbol.d.ts","/home/pbaudry/.emacs.d/.local/etc/lsp/npm/typescript/lib/node_modules/typescript/lib/lib.es2015.symbol.wellknown.d.ts","/home/pbaudry/.emacs.d/.local/etc/lsp/npm/typescript/lib/node_modules/typescript/lib/lib.es2016.array.include.d.ts","/home/pbaudry/.emacs.d/.local/etc/lsp/npm/typescript/lib/node_modules/typescript/lib/lib.es2016.full.d.ts","/home/pbaudry/Documents/Work/Tests/drp-demo/node_modules/postcss/lib/postcss.d.ts","/home/pbaudry/Documents/Work/Tests/drp-demo/node_modules/@vue/compiler-sfc/dist/compiler-sfc.d.ts","/home/pbaudry/Documents/Work/Tests/drp-demo/node_modules/vue-loader/dist/index.d.ts","/home/pbaudry/Documents/Work/Tests/drp-demo/node_modules/laravel-mix/types/index.d.ts","/home/pbaudry/Documents/Work/Tests/drp-demo/node_modules/tailwindcss/types/index.d.ts","/home/pbaudry/Documents/Work/Tests/drp-demo/webpack.mix.js","/home/pbaudry/.cache/typescript/4.8/node_modules/@types/lodash/common/common.d.ts","/home/pbaudry/.cache/typescript/4.8/node_modules/@types/lodash/common/array.d.ts","/home/pbaudry/.cache/typescript/4.8/node_modules/@types/lodash/common/collection.d.ts","/home/pbaudry/.cache/typescript/4.8/node_modules/@types/lodash/common/date.d.ts","/home/pbaudry/.cache/typescript/4.8/node_modules/@types/lodash/common/function.d.ts","/home/pbaudry/.cache/typescript/4.8/node_modules/@types/lodash/common/lang.d.ts","/home/pbaudry/.cache/typescript/4.8/node_modules/@types/lodash/common/math.d.ts","/home/pbaudry/.cache/typescript/4.8/node_modules/@types/lodash/common/number.d.ts","/home/pbaudry/.cache/typescript/4.8/node_modules/@types/lodash/common/object.d.ts","/home/pbaudry/.cache/typescript/4.8/node_modules/@types/lodash/common/seq.d.ts","/home/pbaudry/.cache/typescript/4.8/node_modules/@types/lodash/common/string.d.ts","/home/pbaudry/.cache/typescript/4.8/node_modules/@types/lodash/common/util.d.ts","/home/pbaudry/.cache/typescript/4.8/node_modules/@types/lodash/index.d.ts","/home/pbaudry/Documents/Work/Tests/drp-demo/node_modules/axios/index.d.ts","/home/pbaudry/Documents/Work/Tests/drp-demo/node_modules/@inertiajs/inertia/types/index.d.ts","/home/pbaudry/Documents/Work/Tests/drp-demo/node_modules/vue/dist/vue.d.ts","/home/pbaudry/Documents/Work/Tests/drp-demo/node_modules/@inertiajs/inertia-vue3/index.d.ts","/home/pbaudry/Documents/Work/Tests/drp-demo/node_modules/@inertiajs/progress/types.d.ts","/home/pbaudry/Documents/Work/Tests/drp-demo/node_modules/@tailwindcss/forms/src/index.d.ts","/home/pbaudry/Documents/Work/Tests/drp-demo/node_modules/@tailwindcss/typography/src/index.d.ts"],"compilerOptions":{"module":1,"target":3,"jsx":1,"allowJs":true,"allowSyntheticDefaultImports":true,"allowNonTsExtensions":true,"noEmitForJsFiles":true,"maxNodeModuleJsDepth":2},"typeAcquisition":{"enable":true,"include":[],"exclude":[]},"unresolvedImports":["ts-loader"],"projectRootPath":"/home/pbaudry/Documents/Work/Tests/drp-demo","kind":"discover"}
[08:59:09.017] Explicitly included types: []
[08:59:09.018] Typing names in '/home/pbaudry/Documents/Work/Tests/drp-demo/package.json' dependencies: ["@inertiajs/inertia","@inertiajs/inertia-vue3","@inertiajs/progress","@tailwindcss/forms","@tailwindcss/typography","@vue/compiler-sfc","axios","laravel-mix","lodash","postcss","tailwindcss","vue","vue-loader"]
[08:59:09.019] Searching for typing names in /home/pbaudry/Documents/Work/Tests/drp-demo/node_modules; all files: ["/home/pbaudry/Documents/Work/Tests/drp-demo/node_modules/@inertiajs/inertia/package.json","/home/pbaudry/Documents/Work/Tests/drp-demo/node_modules/@inertiajs/inertia-vue3/package.json","/home/pbaudry/Documents/Work/Tests/drp-demo/node_modules/@inertiajs/progress/package.json","/home/pbaudry/Documents/Work/Tests/drp-demo/node_modules/@tailwindcss/forms/package.json","/home/pbaudry/Documents/Work/Tests/drp-demo/node_modules/@tailwindcss/typography/package.json","/home/pbaudry/Documents/Work/Tests/drp-demo/node_modules/@vue/compiler-sfc/package.json","/home/pbaudry/Documents/Work/Tests/drp-demo/node_modules/axios/package.json","/home/pbaudry/Documents/Work/Tests/drp-demo/node_modules/laravel-mix/package.json","/home/pbaudry/Documents/Work/Tests/drp-demo/node_modules/lodash/package.json","/home/pbaudry/Documents/Work/Tests/drp-demo/node_modules/postcss/package.json","/home/pbaudry/Documents/Work/Tests/drp-demo/node_modules/tailwindcss/package.json","/home/pbaudry/Documents/Work/Tests/drp-demo/node_modules/vue/package.json","/home/pbaudry/Documents/Work/Tests/drp-demo/node_modules/vue-loader/package.json"]
[08:59:09.019]     Package '@inertiajs/inertia' provides its own types.
[08:59:09.019]     Package '@inertiajs/inertia-vue3' provides its own types.
[08:59:09.020]     Package '@inertiajs/progress' provides its own types.
[08:59:09.020]     Package '@tailwindcss/forms' provides its own types.
[08:59:09.021]     Package '@tailwindcss/typography' provides its own types.
[08:59:09.021]     Package '@vue/compiler-sfc' provides its own types.
[08:59:09.021]     Package 'axios' provides its own types.
[08:59:09.022]     Package 'laravel-mix' provides its own types.
[08:59:09.023]     Package 'postcss' provides its own types.
[08:59:09.024]     Package 'tailwindcss' provides its own types.
[08:59:09.024]     Package 'vue' provides its own types.
[08:59:09.024]     Package 'vue-loader' provides its own types.
[08:59:09.024]     Found package names: ["lodash"]
[08:59:09.024] Inferred typings from unresolved imports: ["ts-loader"]
[08:59:09.025] Result: {"cachedTypingPaths":["/home/pbaudry/Documents/Work/Tests/drp-demo/node_modules/@inertiajs/inertia/types/index.d.ts","/home/pbaudry/Documents/Work/Tests/drp-demo/node_modules/@inertiajs/inertia-vue3/index.d.ts","/home/pbaudry/Documents/Work/Tests/drp-demo/node_modules/@inertiajs/progress/types.d.ts","/home/pbaudry/Documents/Work/Tests/drp-demo/node_modules/@tailwindcss/forms/src/index.d.ts","/home/pbaudry/Documents/Work/Tests/drp-demo/node_modules/@tailwindcss/typography/src/index.d.ts","/home/pbaudry/Documents/Work/Tests/drp-demo/node_modules/@vue/compiler-sfc/dist/compiler-sfc.d.ts","/home/pbaudry/Documents/Work/Tests/drp-demo/node_modules/axios/index.d.ts","/home/pbaudry/Documents/Work/Tests/drp-demo/node_modules/laravel-mix/types/index.d.ts","/home/pbaudry/.cache/typescript/4.8/node_modules/@types/lodash/index.d.ts","/home/pbaudry/Documents/Work/Tests/drp-demo/node_modules/postcss/lib/postcss.d.ts","/home/pbaudry/Documents/Work/Tests/drp-demo/node_modules/tailwindcss/types/index.d.ts","/home/pbaudry/Documents/Work/Tests/drp-demo/node_modules/vue/dist/vue.d.ts","/home/pbaudry/Documents/Work/Tests/drp-demo/node_modules/vue-loader/dist/index.d.ts"],"newTypingNames":["ts-loader"],"filesToWatch":["/home/pbaudry/Documents/Work/Tests/drp-demo/bower_components","/home/pbaudry/Documents/Work/Tests/drp-demo/package.json","/home/pbaudry/Documents/Work/Tests/drp-demo/node_modules"]}
[08:59:09.025] Finished typings discovery: {"cachedTypingPaths":["/home/pbaudry/Documents/Work/Tests/drp-demo/node_modules/@inertiajs/inertia/types/index.d.ts","/home/pbaudry/Documents/Work/Tests/drp-demo/node_modules/@inertiajs/inertia-vue3/index.d.ts","/home/pbaudry/Documents/Work/Tests/drp-demo/node_modules/@inertiajs/progress/types.d.ts","/home/pbaudry/Documents/Work/Tests/drp-demo/node_modules/@tailwindcss/forms/src/index.d.ts","/home/pbaudry/Documents/Work/Tests/drp-demo/node_modules/@tailwindcss/typography/src/index.d.ts","/home/pbaudry/Documents/Work/Tests/drp-demo/node_modules/@vue/compiler-sfc/dist/compiler-sfc.d.ts","/home/pbaudry/Documents/Work/Tests/drp-demo/node_modules/axios/index.d.ts","/home/pbaudry/Documents/Work/Tests/drp-demo/node_modules/laravel-mix/types/index.d.ts","/home/pbaudry/.cache/typescript/4.8/node_modules/@types/lodash/index.d.ts","/home/pbaudry/Documents/Work/Tests/drp-demo/node_modules/postcss/lib/postcss.d.ts","/home/pbaudry/Documents/Work/Tests/drp-demo/node_modules/tailwindcss/types/index.d.ts","/home/pbaudry/Documents/Work/Tests/drp-demo/node_modules/vue/dist/vue.d.ts","/home/pbaudry/Documents/Work/Tests/drp-demo/node_modules/vue-loader/dist/index.d.ts"],"newTypingNames":["ts-loader"],"filesToWatch":["/home/pbaudry/Documents/Work/Tests/drp-demo/bower_components","/home/pbaudry/Documents/Work/Tests/drp-demo/package.json","/home/pbaudry/Documents/Work/Tests/drp-demo/node_modules"]}
[08:59:09.025] Installing typings ["ts-loader"]
[08:59:09.025] 'ts-loader':: Entry for package 'ts-loader' does not exist in local types registry - skipping...
[08:59:09.025] All typings are known to be missing or invalid - no need to install more typings
[08:59:09.025] Sending response:
    {"projectName":"/dev/null/inferredProject1*","typeAcquisition":{"enable":true,"include":[],"exclude":[]},"compilerOptions":{"module":1,"target":3,"jsx":1,"allowJs":true,"allowSyntheticDefaultImports":true,"allowNonTsExtensions":true,"noEmitForJsFiles":true,"maxNodeModuleJsDepth":2},"typings":["/home/pbaudry/Documents/Work/Tests/drp-demo/node_modules/@inertiajs/inertia/types/index.d.ts","/home/pbaudry/Documents/Work/Tests/drp-demo/node_modules/@inertiajs/inertia-vue3/index.d.ts","/home/pbaudry/Documents/Work/Tests/drp-demo/node_modules/@inertiajs/progress/types.d.ts","/home/pbaudry/Documents/Work/Tests/drp-demo/node_modules/@tailwindcss/forms/src/index.d.ts","/home/pbaudry/Documents/Work/Tests/drp-demo/node_modules/@tailwindcss/typography/src/index.d.ts","/home/pbaudry/Documents/Work/Tests/drp-demo/node_modules/@vue/compiler-sfc/dist/compiler-sfc.d.ts","/home/pbaudry/Documents/Work/Tests/drp-demo/node_modules/axios/index.d.ts","/home/pbaudry/Documents/Work/Tests/drp-demo/node_modules/laravel-mix/types/index.d.ts","/home/pbaudry/.cache/typescript/4.8/node_modules/@types/lodash/index.d.ts","/home/pbaudry/Documents/Work/Tests/drp-demo/node_modules/postcss/lib/postcss.d.ts","/home/pbaudry/Documents/Work/Tests/drp-demo/node_modules/tailwindcss/types/index.d.ts","/home/pbaudry/Documents/Work/Tests/drp-demo/node_modules/vue/dist/vue.d.ts","/home/pbaudry/Documents/Work/Tests/drp-demo/node_modules/vue-loader/dist/index.d.ts"],"unresolvedImports":["ts-loader"],"kind":"action::set"}
[08:59:09.025] Response has been sent.
[08:59:29.072] Got install request {"projectName":"/dev/null/inferredProject2*","fileNames":["/home/pbaudry/.emacs.d/.local/etc/lsp/npm/typescript/lib/node_modules/typescript/lib/lib.es5.d.ts","/home/pbaudry/.emacs.d/.local/etc/lsp/npm/typescript/lib/node_modules/typescript/lib/lib.es2015.d.ts","/home/pbaudry/.emacs.d/.local/etc/lsp/npm/typescript/lib/node_modules/typescript/lib/lib.es2016.d.ts","/home/pbaudry/.emacs.d/.local/etc/lsp/npm/typescript/lib/node_modules/typescript/lib/lib.dom.d.ts","/home/pbaudry/.emacs.d/.local/etc/lsp/npm/typescript/lib/node_modules/typescript/lib/lib.dom.iterable.d.ts","/home/pbaudry/.emacs.d/.local/etc/lsp/npm/typescript/lib/node_modules/typescript/lib/lib.webworker.importscripts.d.ts","/home/pbaudry/.emacs.d/.local/etc/lsp/npm/typescript/lib/node_modules/typescript/lib/lib.scripthost.d.ts","/home/pbaudry/.emacs.d/.local/etc/lsp/npm/typescript/lib/node_modules/typescript/lib/lib.es2015.core.d.ts","/home/pbaudry/.emacs.d/.local/etc/lsp/npm/typescript/lib/node_modules/typescript/lib/lib.es2015.collection.d.ts","/home/pbaudry/.emacs.d/.local/etc/lsp/npm/typescript/lib/node_modules/typescript/lib/lib.es2015.generator.d.ts","/home/pbaudry/.emacs.d/.local/etc/lsp/npm/typescript/lib/node_modules/typescript/lib/lib.es2015.iterable.d.ts","/home/pbaudry/.emacs.d/.local/etc/lsp/npm/typescript/lib/node_modules/typescript/lib/lib.es2015.promise.d.ts","/home/pbaudry/.emacs.d/.local/etc/lsp/npm/typescript/lib/node_modules/typescript/lib/lib.es2015.proxy.d.ts","/home/pbaudry/.emacs.d/.local/etc/lsp/npm/typescript/lib/node_modules/typescript/lib/lib.es2015.reflect.d.ts","/home/pbaudry/.emacs.d/.local/etc/lsp/npm/typescript/lib/node_modules/typescript/lib/lib.es2015.symbol.d.ts","/home/pbaudry/.emacs.d/.local/etc/lsp/npm/typescript/lib/node_modules/typescript/lib/lib.es2015.symbol.wellknown.d.ts","/home/pbaudry/.emacs.d/.local/etc/lsp/npm/typescript/lib/node_modules/typescript/lib/lib.es2016.array.include.d.ts","/home/pbaudry/.emacs.d/.local/etc/lsp/npm/typescript/lib/node_modules/typescript/lib/lib.es2016.full.d.ts","/home/pbaudry/Documents/Work/Tests/drp-demo/resources/js/bootstrap.js","/home/pbaudry/Documents/Work/Tests/drp-demo/resources/js/app.js"],"compilerOptions":{"module":1,"target":3,"jsx":1,"allowJs":true,"allowSyntheticDefaultImports":true,"allowNonTsExtensions":true,"noEmitForJsFiles":true,"maxNodeModuleJsDepth":2},"typeAcquisition":{"enable":true,"include":[],"exclude":[]},"unresolvedImports":["ziggy"],"projectRootPath":"/home/pbaudry/Documents/Work/Tests/drp-demo/resources/js","kind":"discover"}
[08:59:29.073] Explicitly included types: []
[08:59:29.073] Inferred typings from file names: ["bootstrap"]
[08:59:29.073] Inferred typings from unresolved imports: ["ziggy"]
[08:59:29.073] Result: {"cachedTypingPaths":["/home/pbaudry/.cache/typescript/4.8/node_modules/@types/bootstrap/index.d.ts"],"newTypingNames":["ziggy"],"filesToWatch":["/home/pbaudry/Documents/Work/Tests/drp-demo/resources/js/bower_components","/home/pbaudry/Documents/Work/Tests/drp-demo/resources/js/node_modules"]}
[08:59:29.073] Finished typings discovery: {"cachedTypingPaths":["/home/pbaudry/.cache/typescript/4.8/node_modules/@types/bootstrap/index.d.ts"],"newTypingNames":["ziggy"],"filesToWatch":["/home/pbaudry/Documents/Work/Tests/drp-demo/resources/js/bower_components","/home/pbaudry/Documents/Work/Tests/drp-demo/resources/js/node_modules"]}
[08:59:29.073] DirectoryWatcher:: Added:: WatchInfo: /home/pbaudry/Documents/Work/Tests/drp-demo/resources/js/bower_components
[08:59:29.073] DirectoryWatcher:: Added:: WatchInfo: /home/pbaudry/Documents/Work/Tests/drp-demo/resources/js/bower_components 1 undefined Project: /dev/null/inferredProject2* watcher already invoked: false
[08:59:29.073] Elapsed:: 0.10782499983906746ms DirectoryWatcher:: Added:: WatchInfo: /home/pbaudry/Documents/Work/Tests/drp-demo/resources/js/bower_components 1 undefined Project: /dev/null/inferredProject2* watcher already invoked: false
[08:59:29.073] DirectoryWatcher:: Added:: WatchInfo: /home/pbaudry/Documents/Work/Tests/drp-demo/resources/js/node_modules
[08:59:29.073] DirectoryWatcher:: Added:: WatchInfo: /home/pbaudry/Documents/Work/Tests/drp-demo/resources/js/node_modules 1 undefined Project: /dev/null/inferredProject2* watcher already invoked: false
[08:59:29.073] Elapsed:: 0.048688000068068504ms DirectoryWatcher:: Added:: WatchInfo: /home/pbaudry/Documents/Work/Tests/drp-demo/resources/js/node_modules 1 undefined Project: /dev/null/inferredProject2* watcher already invoked: false
[08:59:29.073] Installing typings ["ziggy"]
[08:59:29.073] 'ziggy':: Entry for package 'ziggy' does not exist in local types registry - skipping...
[08:59:29.073] All typings are known to be missing or invalid - no need to install more typings
[08:59:29.073] Sending response:
    {"projectName":"/dev/null/inferredProject2*","typeAcquisition":{"enable":true,"include":[],"exclude":[]},"compilerOptions":{"module":1,"target":3,"jsx":1,"allowJs":true,"allowSyntheticDefaultImports":true,"allowNonTsExtensions":true,"noEmitForJsFiles":true,"maxNodeModuleJsDepth":2},"typings":["/home/pbaudry/.cache/typescript/4.8/node_modules/@types/bootstrap/index.d.ts"],"unresolvedImports":["ziggy"],"kind":"action::set"}
[08:59:29.073] Response has been sent.
[08:59:29.335] Got install request {"projectName":"/dev/null/inferredProject2*","fileNames":["/home/pbaudry/.emacs.d/.local/etc/lsp/npm/typescript/lib/node_modules/typescript/lib/lib.es5.d.ts","/home/pbaudry/.emacs.d/.local/etc/lsp/npm/typescript/lib/node_modules/typescript/lib/lib.es2015.d.ts","/home/pbaudry/.emacs.d/.local/etc/lsp/npm/typescript/lib/node_modules/typescript/lib/lib.es2016.d.ts","/home/pbaudry/.emacs.d/.local/etc/lsp/npm/typescript/lib/node_modules/typescript/lib/lib.dom.d.ts","/home/pbaudry/.emacs.d/.local/etc/lsp/npm/typescript/lib/node_modules/typescript/lib/lib.dom.iterable.d.ts","/home/pbaudry/.emacs.d/.local/etc/lsp/npm/typescript/lib/node_modules/typescript/lib/lib.webworker.importscripts.d.ts","/home/pbaudry/.emacs.d/.local/etc/lsp/npm/typescript/lib/node_modules/typescript/lib/lib.scripthost.d.ts","/home/pbaudry/.emacs.d/.local/etc/lsp/npm/typescript/lib/node_modules/typescript/lib/lib.es2015.core.d.ts","/home/pbaudry/.emacs.d/.local/etc/lsp/npm/typescript/lib/node_modules/typescript/lib/lib.es2015.collection.d.ts","/home/pbaudry/.emacs.d/.local/etc/lsp/npm/typescript/lib/node_modules/typescript/lib/lib.es2015.generator.d.ts","/home/pbaudry/.emacs.d/.local/etc/lsp/npm/typescript/lib/node_modules/typescript/lib/lib.es2015.iterable.d.ts","/home/pbaudry/.emacs.d/.local/etc/lsp/npm/typescript/lib/node_modules/typescript/lib/lib.es2015.promise.d.ts","/home/pbaudry/.emacs.d/.local/etc/lsp/npm/typescript/lib/node_modules/typescript/lib/lib.es2015.proxy.d.ts","/home/pbaudry/.emacs.d/.local/etc/lsp/npm/typescript/lib/node_modules/typescript/lib/lib.es2015.reflect.d.ts","/home/pbaudry/.emacs.d/.local/etc/lsp/npm/typescript/lib/node_modules/typescript/lib/lib.es2015.symbol.d.ts","/home/pbaudry/.emacs.d/.local/etc/lsp/npm/typescript/lib/node_modules/typescript/lib/lib.es2015.symbol.wellknown.d.ts","/home/pbaudry/.emacs.d/.local/etc/lsp/npm/typescript/lib/node_modules/typescript/lib/lib.es2016.array.include.d.ts","/home/pbaudry/.emacs.d/.local/etc/lsp/npm/typescript/lib/node_modules/typescript/lib/lib.es2016.full.d.ts","/home/pbaudry/Documents/Work/Tests/drp-demo/resources/js/bootstrap.js","/home/pbaudry/Documents/Work/Tests/drp-demo/resources/js/app.js","/home/pbaudry/.cache/typescript/4.8/node_modules/@types/bootstrap/index.d.ts"],"compilerOptions":{"module":1,"target":3,"jsx":1,"allowJs":true,"allowSyntheticDefaultImports":true,"allowNonTsExtensions":true,"noEmitForJsFiles":true,"maxNodeModuleJsDepth":2},"typeAcquisition":{"enable":true,"include":[],"exclude":[]},"unresolvedImports":["ziggy"],"projectRootPath":"/home/pbaudry/Documents/Work/Tests/drp-demo/resources/js","kind":"discover"}
[08:59:29.335] Explicitly included types: []
[08:59:29.335] Inferred typings from file names: ["bootstrap"]
[08:59:29.335] Inferred typings from unresolved imports: ["ziggy"]
[08:59:29.335] Result: {"cachedTypingPaths":["/home/pbaudry/.cache/typescript/4.8/node_modules/@types/bootstrap/index.d.ts"],"newTypingNames":["ziggy"],"filesToWatch":["/home/pbaudry/Documents/Work/Tests/drp-demo/resources/js/bower_components","/home/pbaudry/Documents/Work/Tests/drp-demo/resources/js/node_modules"]}
[08:59:29.335] Finished typings discovery: {"cachedTypingPaths":["/home/pbaudry/.cache/typescript/4.8/node_modules/@types/bootstrap/index.d.ts"],"newTypingNames":["ziggy"],"filesToWatch":["/home/pbaudry/Documents/Work/Tests/drp-demo/resources/js/bower_components","/home/pbaudry/Documents/Work/Tests/drp-demo/resources/js/node_modules"]}
[08:59:29.335] Installing typings ["ziggy"]
[08:59:29.335] 'ziggy':: Entry for package 'ziggy' does not exist in local types registry - skipping...
[08:59:29.335] All typings are known to be missing or invalid - no need to install more typings
[08:59:29.335] Sending response:
    {"projectName":"/dev/null/inferredProject2*","typeAcquisition":{"enable":true,"include":[],"exclude":[]},"compilerOptions":{"module":1,"target":3,"jsx":1,"allowJs":true,"allowSyntheticDefaultImports":true,"allowNonTsExtensions":true,"noEmitForJsFiles":true,"maxNodeModuleJsDepth":2},"typings":["/home/pbaudry/.cache/typescript/4.8/node_modules/@types/bootstrap/index.d.ts"],"unresolvedImports":["ziggy"],"kind":"action::set"}
[08:59:29.335] Response has been sent.
